Log file open, 05/30/19 17:30:12
LogWindows: Failed to load 'aqProf.dll' (GetLastError=126)
LogWindows: File 'aqProf.dll' does not exist
LogWindows: Failed to load 'VtuneApi.dll' (GetLastError=126)
LogWindows: File 'VtuneApi.dll' does not exist
LogWindows: Failed to load 'VtuneApi32e.dll' (GetLastError=126)
LogWindows: File 'VtuneApi32e.dll' does not exist
LogInit: Display: Running engine for game: MyProject
LogPlatformFile: Not using cached read wrapper
LogInit: Display: RandInit(1389624633) SRandInit(1389624633).
LogInit: Read version file with build ID '3944462'
LogInit: Overriding engine version to CL 4033788, compatible CL 3944462
LogInit: Registered custom module enumerator with build ID '3944462'
LogTaskGraph: Started task graph with 5 named threads and 20 total threads with 3 sets of task threads.
LogStats: Stats thread started at 0.306852
LogD3D11RHI: Aftermath initialized
LogICUInternationalization: Display: ICU TimeZone Detection - Raw Offset: -7:00, Platform Override: ''
LogModuleManager: Display: Found up-to-date module file ../../../Engine/Plugins/2D/Paper2D/Binaries/Win64/UE4Editor-Paper2D.dll (API version 3944462).
LogModuleManager: Display: Found up-to-date module file ../../../Engine/Plugins/2D/Paper2D/Binaries/Win64/UE4Editor-Paper2DEditor.dll (API version 3944462).
LogModuleManager: Display: Found up-to-date module file ../../../Engine/Plugins/2D/Paper2D/Binaries/Win64/UE4Editor-PaperSpriteSheetImporter.dll (API version 3944462).
LogModuleManager: Display: Found up-to-date module file ../../../Engine/Plugins/2D/Paper2D/Binaries/Win64/UE4Editor-PaperTiledImporter.dll (API version 3944462).
LogModuleManager: Display: Found up-to-date module file ../../../Engine/Plugins/2D/Paper2D/Binaries/Win64/UE4Editor-SmartSnapping.dll (API version 3944462).
LogModuleManager: Display: Found up-to-date module file ../../../Engine/Plugins/Blendables/LightPropagationVolume/Binaries/Win64/UE4Editor-LightPropagationVolumeRuntime.dll (API version 3944462).
LogModuleManager: Display: Found up-to-date module file ../../../Engine/Plugins/Blendables/LightPropagationVolume/Binaries/Win64/UE4Editor-LightPropagationVolumeEditor.dll (API version 3944462).
LogModuleManager: Display: Found up-to-date module file ../../../Engine/Plugins/Developer/CLionSourceCodeAccess/Binaries/Win64/UE4Editor-CLionSourceCodeAccess.dll (API version 3944462).
LogModuleManager: Display: Found up-to-date module file ../../../Engine/Plugins/Developer/GitSourceControl/Binaries/Win64/UE4Editor-GitSourceControl.dll (API version 3944462).
LogModuleManager: Display: Found up-to-date module file ../../../Engine/Plugins/Developer/PerforceSourceControl/Binaries/Win64/UE4Editor-PerforceSourceControl.dll (API version 3944462).
LogModuleManager: Display: Found up-to-date module file ../../../Engine/Plugins/Developer/SubversionSourceControl/Binaries/Win64/UE4Editor-SubversionSourceControl.dll (API version 3944462).
LogModuleManager: Display: Found up-to-date module file ../../../Engine/Plugins/Developer/UObjectPlugin/Binaries/Win64/UE4Editor-UObjectPlugin.dll (API version 3944462).
LogModuleManager: Display: Found up-to-date module file ../../../Engine/Plugins/Developer/VisualStudioCodeSourceCodeAccess/Binaries/Win64/UE4Editor-VisualStudioCodeSourceCodeAccess.dll (API version 3944462).
LogModuleManager: Display: Found up-to-date module file ../../../Engine/Plugins/Developer/VisualStudioSourceCodeAccess/Binaries/Win64/UE4Editor-VisualStudioSourceCodeAccess.dll (API version 3944462).
LogModuleManager: Display: Found up-to-date module file ../../../Engine/Plugins/Editor/AssetManagerEditor/Binaries/Win64/UE4Editor-AssetManagerEditor.dll (API version 3944462).
LogModuleManager: Display: Found up-to-date module file ../../../Engine/Plugins/Editor/CryptoKeys/Binaries/Win64/UE4Editor-CryptoKeys.dll (API version 3944462).
LogModuleManager: Display: Found up-to-date module file ../../../Engine/Plugins/Editor/CryptoKeys/Binaries/Win64/UE4Editor-CryptoKeysOpenSSL.dll (API version 3944462).
LogModuleManager: Display: Found up-to-date module file ../../../Engine/Plugins/Editor/DataValidation/Binaries/Win64/UE4Editor-DataValidation.dll (API version 3944462).
LogModuleManager: Display: Found up-to-date module file ../../../Engine/Plugins/Editor/FacialAnimation/Binaries/Win64/UE4Editor-FacialAnimation.dll (API version 3944462).
LogModuleManager: Display: Found up-to-date module file ../../../Engine/Plugins/Editor/FacialAnimation/Binaries/Win64/UE4Editor-FacialAnimationEditor.dll (API version 3944462).
LogModuleManager: Display: Found up-to-date module file ../../../Engine/Plugins/Editor/GameplayTagsEditor/Binaries/Win64/UE4Editor-GameplayTagsEditor.dll (API version 3944462).
LogModuleManager: Display: Found up-to-date module file ../../../Engine/Plugins/Editor/MobileLauncherProfileWizard/Binaries/Win64/UE4Editor-MobileLauncherProfileWizard.dll (API version 3944462).
LogModuleManager: Display: Found up-to-date module file ../../../Engine/Plugins/Editor/PluginBrowser/Binaries/Win64/UE4Editor-PluginBrowser.dll (API version 3944462).
LogModuleManager: Display: Found up-to-date module file ../../../Engine/Plugins/Editor/SpeedTreeImporter/Binaries/Win64/UE4Editor-SpeedTreeImporter.dll (API version 3944462).
LogModuleManager: Display: Found up-to-date module file ../../../Engine/Plugins/Enterprise/DatasmithContent/Binaries/Win64/UE4Editor-DatasmithContent.dll (API version 3944462).
LogModuleManager: Display: Found up-to-date module file ../../../Engine/Plugins/Experimental/AlembicImporter/Binaries/Win64/UE4Editor-AlembicImporter.dll (API version 3944462).
LogModuleManager: Display: Found up-to-date module file ../../../Engine/Plugins/Experimental/AlembicImporter/Binaries/Win64/UE4Editor-AlembicLibrary.dll (API version 3944462).
LogModuleManager: Display: Found up-to-date module file ../../../Engine/Plugins/Experimental/CharacterAI/Binaries/Win64/UE4Editor-CharacterAI.dll (API version 3944462).
LogModuleManager: Display: Found up-to-date module file ../../../Engine/Plugins/Experimental/HTML5Networking/Binaries/Win64/UE4Editor-HTML5Networking.dll (API version 3944462).
LogModuleManager: Display: Found up-to-date module file ../../../Engine/Plugins/Media/AndroidMedia/Binaries/Win64/UE4Editor-AndroidMediaEditor.dll (API version 3944462).
LogModuleManager: Display: Found up-to-date module file ../../../Engine/Plugins/Media/AndroidMedia/Binaries/Win64/UE4Editor-AndroidMediaFactory.dll (API version 3944462).
LogModuleManager: Display: Found up-to-date module file ../../../Engine/Plugins/Media/AvfMedia/Binaries/Win64/UE4Editor-AvfMediaEditor.dll (API version 3944462).
LogModuleManager: Display: Found up-to-date module file ../../../Engine/Plugins/Media/AvfMedia/Binaries/Win64/UE4Editor-AvfMediaFactory.dll (API version 3944462).
LogModuleManager: Display: Found up-to-date module file ../../../Engine/Plugins/Media/AvfMedia/Binaries/Win64/UE4Editor-AvfMediaFactory.dll (API version 3944462).
LogModuleManager: Display: Found up-to-date module file ../../../Engine/Plugins/Media/ImgMedia/Binaries/Win64/UE4Editor-ImgMedia.dll (API version 3944462).
LogModuleManager: Display: Found up-to-date module file ../../../Engine/Plugins/Media/ImgMedia/Binaries/Win64/UE4Editor-ImgMediaEditor.dll (API version 3944462).
LogModuleManager: Display: Found up-to-date module file ../../../Engine/Plugins/Media/ImgMedia/Binaries/Win64/UE4Editor-ImgMediaFactory.dll (API version 3944462).
LogModuleManager: Display: Found up-to-date module file ../../../Engine/Plugins/Media/ImgMedia/Binaries/Win64/UE4Editor-ImgMediaFactory.dll (API version 3944462).
LogModuleManager: Display: Found up-to-date module file ../../../Engine/Plugins/Media/ImgMedia/Binaries/Win64/UE4Editor-OpenExrWrapper.dll (API version 3944462).
LogModuleManager: Display: Found up-to-date module file ../../../Engine/Plugins/Media/LinearTimecode/Binaries/Win64/UE4Editor-LinearTimecode.dll (API version 3944462).
LogModuleManager: Display: Found up-to-date module file ../../../Engine/Plugins/Media/MediaCompositing/Binaries/Win64/UE4Editor-MediaCompositing.dll (API version 3944462).
LogModuleManager: Display: Found up-to-date module file ../../../Engine/Plugins/Media/MediaCompositing/Binaries/Win64/UE4Editor-MediaCompositingEditor.dll (API version 3944462).
LogModuleManager: Display: Found up-to-date module file ../../../Engine/Plugins/Media/MediaPlayerEditor/Binaries/Win64/UE4Editor-MediaPlayerEditor.dll (API version 3944462).
LogModuleManager: Display: Found up-to-date module file ../../../Engine/Plugins/Media/WmfMedia/Binaries/Win64/UE4Editor-WmfMedia.dll (API version 3944462).
LogModuleManager: Display: Found up-to-date module file ../../../Engine/Plugins/Media/WmfMedia/Binaries/Win64/UE4Editor-WmfMediaEditor.dll (API version 3944462).
LogModuleManager: Display: Found up-to-date module file ../../../Engine/Plugins/Media/WmfMedia/Binaries/Win64/UE4Editor-WmfMediaFactory.dll (API version 3944462).
LogModuleManager: Display: Found up-to-date module file ../../../Engine/Plugins/Media/WmfMedia/Binaries/Win64/UE4Editor-WmfMediaFactory.dll (API version 3944462).
LogModuleManager: Display: Found up-to-date module file ../../../Engine/Plugins/Messaging/TcpMessaging/Binaries/Win64/UE4Editor-TcpMessaging.dll (API version 3944462).
LogModuleManager: Display: Found up-to-date module file ../../../Engine/Plugins/Messaging/UdpMessaging/Binaries/Win64/UE4Editor-UdpMessaging.dll (API version 3944462).
LogModuleManager: Display: Found up-to-date module file ../../../Engine/Plugins/MovieScene/ActorSequence/Binaries/Win64/UE4Editor-ActorSequence.dll (API version 3944462).
LogModuleManager: Display: Found up-to-date module file ../../../Engine/Plugins/MovieScene/LevelSequenceEditor/Binaries/Win64/UE4Editor-LevelSequenceEditor.dll (API version 3944462).
LogModuleManager: Display: Found up-to-date module file ../../../Engine/Plugins/MovieScene/MatineeToLevelSequence/Binaries/Win64/UE4Editor-MatineeToLevelSequence.dll (API version 3944462).
LogModuleManager: Display: Found up-to-date module file ../../../Engine/Plugins/NetcodeUnitTest/NetcodeUnitTest/Binaries/Win64/UE4Editor-NetcodeUnitTest.dll (API version 3944462).
LogModuleManager: Display: Found up-to-date module file ../../../Engine/Plugins/NetcodeUnitTest/NUTUnrealEngine4/Binaries/Win64/UE4Editor-NUTUnrealEngine4.dll (API version 3944462).
LogModuleManager: Display: Found up-to-date module file ../../../Engine/Plugins/Online/OnlineSubsystem/Binaries/Win64/UE4Editor-OnlineSubsystem.dll (API version 3944462).
LogModuleManager: Display: Found up-to-date module file ../../../Engine/Plugins/Runtime/AndroidPermission/Binaries/Win64/UE4Editor-AndroidPermission.dll (API version 3944462).
LogModuleManager: Display: Found up-to-date module file ../../../Engine/Plugins/Online/OnlineSubsystemNull/Binaries/Win64/UE4Editor-OnlineSubsystemNull.dll (API version 3944462).
LogModuleManager: Display: Found up-to-date module file ../../../Engine/Plugins/Online/OnlineSubsystemUtils/Binaries/Win64/UE4Editor-OnlineSubsystemUtils.dll (API version 3944462).
LogModuleManager: Display: Found up-to-date module file ../../../Engine/Plugins/Online/OnlineSubsystemUtils/Binaries/Win64/UE4Editor-OnlineBlueprintSupport.dll (API version 3944462).
LogModuleManager: Display: Found up-to-date module file ../../../Engine/Plugins/Runtime/AndroidDeviceProfileSelector/Binaries/Win64/UE4Editor-AndroidDeviceProfileSelector.dll (API version 3944462).
LogModuleManager: Display: Found up-to-date module file ../../../Engine/Plugins/Runtime/AppleARKit/Binaries/Win64/UE4Editor-AppleARKit.dll (API version 3944462).
LogModuleManager: Display: Found up-to-date module file ../../../Engine/Plugins/Runtime/ProceduralMeshComponent/Binaries/Win64/UE4Editor-ProceduralMeshComponent.dll (API version 3944462).
LogModuleManager: Display: Found up-to-date module file ../../../Engine/Plugins/Runtime/ProceduralMeshComponent/Binaries/Win64/UE4Editor-ProceduralMeshComponentEditor.dll (API version 3944462).
LogModuleManager: Display: Found up-to-date module file ../../../Engine/Plugins/Animation/LiveLink/Binaries/Win64/UE4Editor-LiveLink.dll (API version 3944462).
LogModuleManager: Display: Found up-to-date module file ../../../Engine/Plugins/Animation/LiveLink/Binaries/Win64/UE4Editor-LiveLinkEditor.dll (API version 3944462).
LogModuleManager: Display: Found up-to-date module file ../../../Engine/Plugins/Runtime/ArchVisCharacter/Binaries/Win64/UE4Editor-ArchVisCharacter.dll (API version 3944462).
LogModuleManager: Display: Found up-to-date module file ../../../Engine/Plugins/Runtime/AudioCapture/Binaries/Win64/UE4Editor-AudioCapture.dll (API version 3944462).
LogModuleManager: Display: Found up-to-date module file ../../../Engine/Plugins/Runtime/AudioCapture/Binaries/Win64/UE4Editor-AudioCaptureEditor.dll (API version 3944462).
LogModuleManager: Display: Found up-to-date module file ../../../Engine/Plugins/Runtime/CableComponent/Binaries/Win64/UE4Editor-CableComponent.dll (API version 3944462).
LogModuleManager: Display: Found up-to-date module file ../../../Engine/Plugins/Runtime/CustomMeshComponent/Binaries/Win64/UE4Editor-CustomMeshComponent.dll (API version 3944462).
LogModuleManager: Display: Found up-to-date module file ../../../Engine/Plugins/Runtime/ExampleDeviceProfileSelector/Binaries/Win64/UE4Editor-ExampleDeviceProfileSelector.dll (API version 3944462).
LogModuleManager: Display: Found up-to-date module file ../../../Engine/Plugins/Runtime/ImmediatePhysics/Binaries/Win64/UE4Editor-ImmediatePhysics.dll (API version 3944462).
LogModuleManager: Display: Found up-to-date module file ../../../Engine/Plugins/Runtime/ImmediatePhysics/Binaries/Win64/UE4Editor-ImmediatePhysicsEditor.dll (API version 3944462).
LogModuleManager: Display: Found up-to-date module file ../../../Engine/Plugins/Runtime/LocationServicesBPLibrary/Binaries/Win64/UE4Editor-LocationServicesBPLibrary.dll (API version 3944462).
LogModuleManager: Display: Found up-to-date module file ../../../Engine/Plugins/Runtime/MobilePatchingUtils/Binaries/Win64/UE4Editor-MobilePatchingUtils.dll (API version 3944462).
LogModuleManager: Display: Found up-to-date module file ../../../Engine/Plugins/Runtime/Oculus/OculusVR/Binaries/Win64/UE4Editor-OculusHMD.dll (API version 3944462).
LogModuleManager: Display: Found up-to-date module file ../../../Engine/Plugins/Runtime/Oculus/OculusVR/Binaries/Win64/UE4Editor-OculusInput.dll (API version 3944462).
LogModuleManager: Display: Found up-to-date module file ../../../Engine/Plugins/Runtime/Oculus/OculusVR/Binaries/Win64/UE4Editor-OculusEditor.dll (API version 3944462).
LogModuleManager: Display: Found up-to-date module file ../../../Engine/Plugins/Runtime/PhysXVehicles/Binaries/Win64/UE4Editor-PhysXVehicles.dll (API version 3944462).
LogModuleManager: Display: Found up-to-date module file ../../../Engine/Plugins/Runtime/PhysXVehicles/Binaries/Win64/UE4Editor-PhysXVehiclesEditor.dll (API version 3944462).
LogModuleManager: Display: Found up-to-date module file ../../../Engine/Plugins/Runtime/RuntimePhysXCooking/Binaries/Win64/UE4Editor-RuntimePhysXCooking.dll (API version 3944462).
LogModuleManager: Display: Found up-to-date module file ../../../Engine/Plugins/Runtime/Steam/SteamVR/Binaries/Win64/UE4Editor-SteamVR.dll (API version 3944462).
LogModuleManager: Display: Found up-to-date module file ../../../Engine/Plugins/Runtime/Steam/SteamVR/Binaries/Win64/UE4Editor-SteamVRController.dll (API version 3944462).
LogModuleManager: Display: Found up-to-date module file ../../../Engine/Plugins/Runtime/WindowsMoviePlayer/Binaries/Win64/UE4Editor-WindowsMoviePlayer.dll (API version 3944462).
LogPluginManager: Mounting plugin Paper2D
LogPluginManager: Mounting plugin LiveLink
LogPluginManager: Mounting plugin LightPropagationVolume
LogPluginManager: Mounting plugin CLionSourceCodeAccess
LogPluginManager: Mounting plugin CodeLiteSourceCodeAccess
LogPluginManager: Mounting plugin GitSourceControl
LogPluginManager: Mounting plugin KDevelopSourceCodeAccess
LogPluginManager: Mounting plugin NullSourceCodeAccess
LogPluginManager: Mounting plugin PerforceSourceControl
LogPluginManager: Mounting plugin SubversionSourceControl
LogPluginManager: Mounting plugin UObjectPlugin
LogPluginManager: Mounting plugin VisualStudioCodeSourceCodeAccess
LogPluginManager: Mounting plugin VisualStudioSourceCodeAccess
LogPluginManager: Mounting plugin XCodeSourceCodeAccess
LogPluginManager: Mounting plugin AssetManagerEditor
LogPluginManager: Mounting plugin CryptoKeys
LogPluginManager: Mounting plugin DataValidation
LogPluginManager: Mounting plugin FacialAnimation
LogPluginManager: Mounting plugin GameplayTagsEditor
LogPluginManager: Mounting plugin MobileLauncherProfileWizard
LogPluginManager: Mounting plugin PluginBrowser
LogPluginManager: Mounting plugin SpeedTreeImporter
LogPluginManager: Mounting plugin DatasmithContent
LogPluginManager: Mounting plugin AlembicImporter
LogPluginManager: Mounting plugin CharacterAI
LogPluginManager: Mounting plugin HTML5Networking
LogPluginManager: Mounting plugin AndroidMedia
LogPluginManager: Mounting plugin AvfMedia
LogPluginManager: Mounting plugin ImgMedia
LogPluginManager: Mounting plugin LinearTimecode
LogPluginManager: Mounting plugin MediaCompositing
LogPluginManager: Mounting plugin MediaPlayerEditor
LogPluginManager: Mounting plugin WmfMedia
LogPluginManager: Mounting plugin TcpMessaging
LogPluginManager: Mounting plugin UdpMessaging
LogPluginManager: Mounting plugin ActorSequence
LogPluginManager: Mounting plugin LevelSequenceEditor
LogPluginManager: Mounting plugin MatineeToLevelSequence
LogPluginManager: Mounting plugin NetcodeUnitTest
LogPluginManager: Mounting plugin NUTUnrealEngine4
LogPluginManager: Mounting plugin OnlineSubsystemGooglePlay
LogPluginManager: Mounting plugin OnlineSubsystemIOS
LogPluginManager: Mounting plugin OnlineSubsystem
LogPluginManager: Mounting plugin OnlineSubsystemNull
LogPluginManager: Mounting plugin OnlineSubsystemUtils
LogPluginManager: Mounting plugin AndroidDeviceProfileSelector
LogPluginManager: Mounting plugin AndroidMoviePlayer
LogPluginManager: Mounting plugin AndroidPermission
LogPluginManager: Mounting plugin AppleARKit
LogPluginManager: Mounting plugin AppleMoviePlayer
LogPluginManager: Mounting plugin ArchVisCharacter
LogPluginManager: Mounting plugin AudioCapture
LogPluginManager: Mounting plugin CableComponent
LogPluginManager: Mounting plugin CustomMeshComponent
LogPluginManager: Mounting plugin ExampleDeviceProfileSelector
LogPluginManager: Mounting plugin GoogleCloudMessaging
LogPluginManager: Mounting plugin ImmediatePhysics
LogPluginManager: Mounting plugin IOSDeviceProfileSelector
LogPluginManager: Mounting plugin LinuxDeviceProfileSelector
LogPluginManager: Mounting plugin LocationServicesBPLibrary
LogPluginManager: Mounting plugin MobilePatchingUtils
LogPluginManager: Mounting plugin OculusVR
LogPluginManager: Plugin shader directory ../../../Engine/Plugins/Runtime/Oculus/OculusVR/Shaders found
LogPluginManager: Mapping shader source directory ../../../Engine/Plugins/Runtime/Oculus/OculusVR/Shaders to virtual directory /Plugin/OculusVR
LogPluginManager: Mounting plugin PhysXVehicles
LogPluginManager: Mounting plugin ProceduralMeshComponent
LogPluginManager: Mounting plugin RuntimePhysXCooking
LogPluginManager: Mounting plugin SteamVR
LogPluginManager: Mounting plugin WindowsMoviePlayer
LogStreaming: Display: Took  1.595s to configure plugins.
LogInit: Using libcurl 7.47.1
LogInit:  - built for x86_64-pc-win32
LogInit:  - supports SSL with OpenSSL/1.0.2g
LogInit:  - supports HTTP deflate (compression) using libz 1.2.8
LogInit:  - other features:
LogInit:      CURL_VERSION_SSL
LogInit:      CURL_VERSION_LIBZ
LogInit:      CURL_VERSION_IPV6
LogInit:      CURL_VERSION_ASYNCHDNS
LogInit:      CURL_VERSION_LARGEFILE
LogInit:      CURL_VERSION_IDN
LogInit:  CurlRequestOptions (configurable via config and command line):
LogInit:  - bVerifyPeer = false  - Libcurl will NOT verify peer certificate
LogInit:  - bUseHttpProxy = false  - Libcurl will NOT use HTTP proxy
LogInit:  - bDontReuseConnections = false  - Libcurl will reuse connections
LogInit:  - CertBundlePath = nullptr  - Libcurl will use whatever was configured at build time.
LogInit:  - MaxHostConnections = 16  - Libcurl will limit the number of connections to a host
LogInit:  - LocalHostAddr = Default
LogInit: WinSock: version 1.1 (2.2), MaxSocks=32767, MaxUdp=65467
LogInit: WinSock: I am mlpc-kc80 (155.97.15.180:0)
LogInit: Build: ++UE4+Release-4.19-CL-4033788
LogInit: Engine Version: 4.19.2-4033788+++UE4+Release-4.19
LogInit: Compatible Engine Version: 4.19.0-3944462+++UE4+Release-4.19
LogInit: Net CL: 3944462
LogDevObjectVersion: Number of dev versions registered: 18
LogDevObjectVersion:   Dev-Blueprints (B0D832E4-1F89-4F0D-ACCF-7EB736FD4AA2): 10
LogDevObjectVersion:   Dev-Build (E1C64328-A22C-4D53-A36C-8E866417BD8C): 0
LogDevObjectVersion:   Dev-Core (375EC13C-06E4-48FB-B500-84F0262A717E): 2
LogDevObjectVersion:   Dev-Editor (E4B068ED-F494-42E9-A231-DA0B2E46BB41): 23
LogDevObjectVersion:   Dev-Framework (CFFC743F-43B0-4480-9391-14DF171D2073): 33
LogDevObjectVersion:   Dev-Mobile (B02B49B5-BB20-44E9-A304-32B752E40360): 2
LogDevObjectVersion:   Dev-Networking (A4E4105C-59A1-49B5-A7C5-40C4547EDFEE): 0
LogDevObjectVersion:   Dev-Online (39C831C9-5AE6-47DC-9A44-9C173E1C8E7C): 0
LogDevObjectVersion:   Dev-Physics (78F01B33-EBEA-4F98-B9B4-84EACCB95AA2): 0
LogDevObjectVersion:   Dev-Platform (6631380F-2D4D-43E0-8009-CF276956A95A): 0
LogDevObjectVersion:   Dev-Rendering (12F88B9F-8875-4AFC-A67C-D90C383ABD29): 25
LogDevObjectVersion:   Dev-Sequencer (7B5AE74C-D270-4C10-A958-57980B212A5A): 6
LogDevObjectVersion:   Dev-VR (D7296918-1DD6-4BDD-9DE2-64A83CC13884): 1
LogDevObjectVersion:   Dev-LoadTimes (C2A15278-BFE7-4AFE-6C17-90FF531DF755): 1
LogDevObjectVersion:   Private-Geometry (6EACA3D4-40EC-4CC1-B786-8BED09428FC5): 2
LogDevObjectVersion:   Dev-AnimPhys (29E575DD-E0A3-4627-9D10-D276232CDCEA): 16
LogDevObjectVersion:   Dev-ReflectionCapture (6B266CEC-1EC7-4B8F-A30B-E4D90942FC07): 1
LogDevObjectVersion:   Dev-Automation (0DF73D61-A23F-47EA-B727-89E90C41499A): 1
LogInit: Compiled (64-bit): Apr 27 2018 02:06:57
LogInit: Compiled with Visual C++: 19.00.24215.01
LogInit: Build Configuration: Development
LogInit: Branch Name: ++UE4+Release-4.19
LogInit: Command Line:  
LogInit: Base Directory: C:/Programs/Epic Games/UE_4.19/Engine/Binaries/Win64/
LogInit: Installed Engine Build: 1
LogStreaming: Display: Took  0.002s to delete old logs.
LogInit: Presizing for max 8388607 objects, including 0 objects not considered by GC, pre-allocating 0 bytes for permanent pool.
LogInit: Object subsystem initialized
[2019.05.30-23.30.14:489][  0]LogInit: Selected Device Profile: [Windows]
[2019.05.30-23.30.14:489][  0]LogInit: Applying CVar settings loaded from the selected device profile: [Windows]
[2019.05.30-23.30.14:502][  0]LogInit: Computer: MLPC-KC80
[2019.05.30-23.30.14:502][  0]LogInit: User: u1075522
[2019.05.30-23.30.14:502][  0]LogInit: CPU Page size=4096, Cores=6
[2019.05.30-23.30.14:502][  0]LogInit: High frequency timer resolution =2.742188 MHz
[2019.05.30-23.30.14:502][  0]LogMemory: Memory total: Physical=7.9GB (8GB approx)
[2019.05.30-23.30.14:502][  0]LogMemory: Platform Memory Stats for Windows
[2019.05.30-23.30.14:502][  0]LogMemory: Process Physical Memory: 274.20 MB used, 274.20 MB peak
[2019.05.30-23.30.14:502][  0]LogMemory: Process Virtual Memory: 264.37 MB used, 264.37 MB peak
[2019.05.30-23.30.14:502][  0]LogMemory: Physical Memory: 3836.05 MB used,  4289.43 MB free, 8125.48 MB total
[2019.05.30-23.30.14:502][  0]LogMemory: Virtual Memory: 4787.46 MB used,  4289.43 MB free, 134217728.00 MB total
[2019.05.30-23.30.14:688][  0]LogInit: Using OS detected language (en-US).
[2019.05.30-23.30.14:688][  0]LogInit: Using OS detected locale (en-US).
[2019.05.30-23.30.14:701][  0]LogTextLocalizationManager: No specific localization for 'en-US' exists, so the 'en' localization will be used.
[2019.05.30-23.30.15:199][  0]LogStreaming: Display: Took  0.510s to EndInitTextLocalization.
[2019.05.30-23.30.15:199][  0]LogInit: Setting process to per monitor DPI aware
[2019.05.30-23.30.15:270][  0]LogSlate: New Slate User Created.  User Index 0, Is Virtual User: 0
[2019.05.30-23.30.15:270][  0]LogSlate: Slate User Registered.  User Index 0, Is Virtual User: 0
[2019.05.30-23.30.15:858][  0]LogD3D11RHI: D3D11 adapters:
[2019.05.30-23.30.15:931][  0]LogD3D11RHI:    0. 'NVIDIA GeForce GTX 1050' (Feature Level 11_0)
[2019.05.30-23.30.15:931][  0]LogD3D11RHI:       1977/0/4062 MB DedicatedVideo/DedicatedSystem/SharedSystem, Outputs:2, VendorId:0x10de
[2019.05.30-23.30.15:936][  0]LogD3D11RHI:    1. 'Microsoft Basic Render Driver' (Feature Level 11_0)
[2019.05.30-23.30.15:936][  0]LogD3D11RHI:       0/0/4062 MB DedicatedVideo/DedicatedSystem/SharedSystem, Outputs:0, VendorId:0x1414
[2019.05.30-23.30.15:936][  0]LogD3D11RHI: Chosen D3D11 Adapter: 0
[2019.05.30-23.30.15:942][  0]LogD3D11RHI: Creating new Direct3DDevice
[2019.05.30-23.30.15:942][  0]LogD3D11RHI:     GPU DeviceId: 0x1c81 (for the marketing name, search the web for "GPU Device Id")
[2019.05.30-23.30.15:942][  0]LogWindows: EnumDisplayDevices:
[2019.05.30-23.30.15:942][  0]LogWindows:    0. 'NVIDIA GeForce GTX 1050' (P:1 D:1)
[2019.05.30-23.30.15:943][  0]LogWindows:    1. 'NVIDIA GeForce GTX 1050' (P:0 D:1)
[2019.05.30-23.30.15:943][  0]LogWindows:    2. 'NVIDIA GeForce GTX 1050' (P:0 D:0)
[2019.05.30-23.30.15:944][  0]LogWindows:    3. 'NVIDIA GeForce GTX 1050' (P:0 D:0)
[2019.05.30-23.30.15:944][  0]LogWindows: DebugString: GetVideoDriverDetailsInvalid PrimaryIsNotTheChoosenAdapter GetVideoDriverDetailsInvalid PrimaryIsNotTheChoosenAdapter GetVideoDriverDetailsInvalid PrimaryIsNotTheChoosenAdapter GetVideoDriverDetailsInvalid PrimaryIsNotTheChoosenAdapter FoundDriverCount:0 
[2019.05.30-23.30.15:944][  0]LogD3D11RHI:     Adapter Name: NVIDIA GeForce GTX 1050
[2019.05.30-23.30.15:944][  0]LogD3D11RHI:   Driver Version: Unknown (internal:Unknown, unified:Unknown)
[2019.05.30-23.30.15:944][  0]LogD3D11RHI:      Driver Date: Unknown
[2019.05.30-23.30.15:944][  0]LogRHI: Texture pool is 1384 MB (70% of 1977 MB)
[2019.05.30-23.30.15:978][  0]LogD3D11RHI: [Aftermath] Aftermath enabled and primed
[2019.05.30-23.30.15:978][  0]LogD3D11RHI: [Aftermath] Aftermath enabled and primed
[2019.05.30-23.30.15:978][  0]LogD3D11RHI: Async texture creation enabled
[2019.05.30-23.30.16:000][  0]LogD3D11RHI: GPU Timing Frequency: 1000.000000 (Debug: 2 2)
[2019.05.30-23.30.16:007][  0]LogShaderCompilers: Guid format shader working directory is -29 characters bigger than the processId version (../../../../../../Users/u1075522/Documents/GitHub/EAE_3010_Sheng_Hao/MyProject/Intermediate/Shaders/WorkingDirectory/2316/).
[2019.05.30-23.30.16:007][  0]LogShaderCompilers: Cleaned the shader compiler working directory 'C:/Users/u1075522/AppData/Local/Temp/UnrealShaderWorkingDir/8DA8214A497BEDE796D34489B1C42E83/'.
[2019.05.30-23.30.17:102][  0]LogTemp: Display: Loaded TP AllDesktopTargetPlatform
[2019.05.30-23.30.17:116][  0]LogTemp: Display: Loaded TP MacClientTargetPlatform
[2019.05.30-23.30.17:130][  0]LogTemp: Display: Loaded TP MacNoEditorTargetPlatform
[2019.05.30-23.30.17:144][  0]LogTemp: Display: Loaded TP MacServerTargetPlatform
[2019.05.30-23.30.17:159][  0]LogTemp: Display: Loaded TP MacTargetPlatform
[2019.05.30-23.30.17:174][  0]LogTemp: Display: Loaded TP WindowsClientTargetPlatform
[2019.05.30-23.30.17:188][  0]LogTemp: Display: Loaded TP WindowsNoEditorTargetPlatform
[2019.05.30-23.30.17:202][  0]LogTemp: Display: Loaded TP WindowsServerTargetPlatform
[2019.05.30-23.30.17:209][  0]LogTemp: Display: Loaded TP WindowsTargetPlatform
[2019.05.30-23.30.17:222][  0]LogTemp: Display: Loaded TP Android_ASTCTargetPlatform
[2019.05.30-23.30.17:234][  0]LogTemp: Display: Loaded TP Android_ATCTargetPlatform
[2019.05.30-23.30.17:247][  0]LogTemp: Display: Loaded TP Android_DXTTargetPlatform
[2019.05.30-23.30.17:259][  0]LogTemp: Display: Loaded TP Android_ETC1aTargetPlatform
[2019.05.30-23.30.17:272][  0]LogTemp: Display: Loaded TP Android_ETC1TargetPlatform
[2019.05.30-23.30.17:284][  0]LogTemp: Display: Loaded TP Android_ETC2TargetPlatform
[2019.05.30-23.30.17:309][  0]LogTemp: Display: Loaded TP Android_MultiTargetPlatform
[2019.05.30-23.30.17:309][  0]LogTemp: Display: Loaded TP Android_PVRTCTargetPlatform
[2019.05.30-23.30.17:323][  0]LogTemp: Display: Loaded TP AndroidTargetPlatform
[2019.05.30-23.30.17:326][  0]LogTemp: Display: Loaded TP HTML5TargetPlatform
[2019.05.30-23.30.17:366][  0]LogTemp: Display: Loaded TP IOSTargetPlatform
[2019.05.30-23.30.17:377][  0]LogTemp: Display: Loaded TP TVOSTargetPlatform
[2019.05.30-23.30.17:390][  0]LogTemp: Display: Loaded TP LinuxClientTargetPlatform
[2019.05.30-23.30.17:402][  0]LogTemp: Display: Loaded TP LinuxNoEditorTargetPlatform
[2019.05.30-23.30.17:415][  0]LogTemp: Display: Loaded TP LinuxServerTargetPlatform
[2019.05.30-23.30.17:428][  0]LogTemp: Display: Loaded TP LinuxTargetPlatform
[2019.05.30-23.30.17:428][  0]LogTargetPlatformManager: Display: Building Assets For Windows
[2019.05.30-23.30.17:618][  0]LogXGEController: Cleaning working directory: C:/Users/u1075522/AppData/Local/Temp/UnrealXGEWorkingDir/
[2019.05.30-23.30.17:618][  0]LogXGEController: Cannot use XGE Controller as Incredibuild is not installed on this machine.
[2019.05.30-23.30.17:619][  0]LogShaderCompilers: Cannot use XGE Shader Compiler as Incredibuild is not installed on this machine.
[2019.05.30-23.30.17:619][  0]LogShaderCompilers: Display: Using Local Shader Compiler.
[2019.05.30-23.30.18:727][  0]LogDerivedDataCache: Display: Max Cache Size: 512 MB
[2019.05.30-23.30.19:017][  0]LogDerivedDataCache: Loaded boot cache 0.29s 74MB C:/Users/u1075522/AppData/Local/UnrealEngine/4.19/DerivedDataCache/Boot.ddc.
[2019.05.30-23.30.19:024][  0]LogDerivedDataCache: Display: Loaded Boot cache: C:/Users/u1075522/AppData/Local/UnrealEngine/4.19/DerivedDataCache/Boot.ddc
[2019.05.30-23.30.19:024][  0]LogDerivedDataCache: FDerivedDataBackendGraph:  Pak pak cache file ../../../../../../Users/u1075522/Documents/GitHub/EAE_3010_Sheng_Hao/MyProject/DerivedDataCache/DDC.ddp not found, will not use a pak cache.
[2019.05.30-23.30.19:024][  0]LogDerivedDataCache: Unable to find inner node Pak for hierarchical cache Hierarchy.
[2019.05.30-23.30.19:024][  0]LogDerivedDataCache: FDerivedDataBackendGraph:  CompressedPak pak cache file ../../../../../../Users/u1075522/Documents/GitHub/EAE_3010_Sheng_Hao/MyProject/DerivedDataCache/Compressed.ddp not found, will not use a pak cache.
[2019.05.30-23.30.19:024][  0]LogDerivedDataCache: Unable to find inner node CompressedPak for hierarchical cache Hierarchy.
[2019.05.30-23.30.19:047][  0]LogDerivedDataCache: Display: Pak cache opened for reading ../../../Engine/DerivedDataCache/Compressed.ddp.
[2019.05.30-23.30.19:061][  0]LogDerivedDataCache: Using Local data cache path C:/Users/u1075522/AppData/Local/UnrealEngine/Common/DerivedDataCache: Writable
[2019.05.30-23.30.19:061][  0]LogDerivedDataCache: Shared data cache path not found in *engine.ini, will not use an Shared cache.
[2019.05.30-23.30.19:061][  0]LogDerivedDataCache: Unable to find inner node Shared for hierarchical cache Hierarchy.
[2019.05.30-23.30.19:072][  0]LogMaterial: Verifying Global Shaders for PCD3D_SM5
[2019.05.30-23.30.19:073][  0]LogSlate: Using Freetype 2.6.0
[2019.05.30-23.30.19:080][  0]LogSlate: SlateFontCache - WITH_FREETYPE: 1, WITH_HARFBUZZ: 1
[2019.05.30-23.30.19:080][  0]LogSlate: SlateFontCache - WITH_FREETYPE: 1, WITH_HARFBUZZ: 1
[2019.05.30-23.30.19:387][  0]LogAssetRegistry: FAssetRegistry took 0.0278 seconds to start up
[2019.05.30-23.30.19:738][  0]LogInit: Selected Device Profile: [Windows]
[2019.05.30-23.30.20:028][  0]LogSimplygon: Simplygon DLL not present - disabling.
[2019.05.30-23.30.20:033][  0]LogMeshReduction: Using SimplygonSwarm for distributed automatic mesh merging
[2019.05.30-23.30.20:033][  0]LogMeshReduction: Using QuadricMeshReduction for automatic static mesh reduction
[2019.05.30-23.30.20:033][  0]LogMeshReduction: No automatic skeletal mesh reduction module available
[2019.05.30-23.30.20:033][  0]LogMeshReduction: No automatic mesh merging module available
[2019.05.30-23.30.20:033][  0]LogMeshMerging: No automatic mesh merging module available
[2019.05.30-23.30.20:088][  0]LogNetVersion: MyProject , NetCL: 3944462, EngineNetVer: 2, GameNetVer: 0 (Checksum: 2475486345)
[2019.05.30-23.30.20:748][  0]LogPackageLocalizationCache: Processed 9 localized package path(s) for 2 prioritized culture(s) in 0.075105 seconds
[2019.05.30-23.30.20:753][  0]LogUObjectArray: 36728 objects as part of root set at end of initial load.
[2019.05.30-23.30.20:753][  0]LogUObjectAllocator: 7314304 out of 0 bytes used by permanent object pool.
[2019.05.30-23.30.20:753][  0]LogUObjectArray: CloseDisregardForGC: 0/0 objects in disregard for GC pool
[2019.05.30-23.30.24:343][  0]LogTcpMessaging: Initializing TcpMessaging bridge
[2019.05.30-23.30.24:384][  0]LogUdpMessaging: Initializing bridge on interface 0.0.0.0:0 to multicast group 230.0.0.1:6666.
[2019.05.30-23.30.24:923][  0]SourceControl: Source control is disabled
[2019.05.30-23.30.24:923][  0]SourceControl: Source control is disabled
[2019.05.30-23.30.24:953][  0]SourceControl: Source control is disabled
[2019.05.30-23.30.24:983][  0]SourceControl: Source control is disabled
[2019.05.30-23.30.25:714][  0]LogAndroidPermission: UAndroidPermissionCallbackProxy::GetInstance
[2019.05.30-23.30.25:938][  0]LogOcInput: OculusInput pre-init called
[2019.05.30-23.30.26:098][  0]LogEngine: Initializing Engine...
[2019.05.30-23.30.26:104][  0]LogHMD: Failed to initialize OpenVR with code 110
[2019.05.30-23.30.26:106][  0]LogStats: UGameplayTagsManager::ConstructGameplayTagTree: Construct from data asset -  0.000 s
[2019.05.30-23.30.26:106][  0]LogStats: UGameplayTagsManager::ConstructGameplayTagTree: GameplayTagTreeChangedEvent.Broadcast -  0.000 s
[2019.05.30-23.30.26:419][  0]LogAIModule: Creating AISystem for world Untitled
[2019.05.30-23.30.26:447][  0]LogInit: XAudio2 using 'Speakers (High Definition Audio Device)' : 2 channels at 48 kHz using 16 bits per sample (channel mask 0x3)
[2019.05.30-23.30.26:481][  0]LogInit: FAudioDevice initialized.
[2019.05.30-23.30.26:760][  0]LogDerivedDataCache: Saved boot cache 0.28s 74MB C:/Users/u1075522/AppData/Local/UnrealEngine/4.19/DerivedDataCache/Boot.ddc.
[2019.05.30-23.30.26:809][  0]LogInit: Texture streaming: Enabled
[2019.05.30-23.30.26:838][  0]LogEngineSessionManager: EngineSessionManager initialized
[2019.05.30-23.30.26:855][  0]LogInit: Transaction tracking system initialized
[2019.05.30-23.30.26:894][  0]BlueprintLog: New page: Editor Load
[2019.05.30-23.30.27:013][  0]LocalizationService: Localization service is disabled
[2019.05.30-23.30.27:179][  0]LogConsoleResponse: Display: 
[2019.05.30-23.30.27:472][  0]LogCook: Display: Max memory allowance for cook 16384mb min free memory 0mb
[2019.05.30-23.30.27:472][  0]LogCook: Display: Mobile HDR setting 1
[2019.05.30-23.30.27:472][  0]LogGameplayTags: Display: UGameplayTagsManager::DoneAddingNativeTags. DelegateIsBound: 0
[2019.05.30-23.30.27:472][  0]LogStats: UGameplayTagsManager::ConstructGameplayTagTree: Construct from data asset -  0.000 s
[2019.05.30-23.30.27:473][  0]LogStats: UGameplayTagsManager::ConstructGameplayTagTree: GameplayTagTreeChangedEvent.Broadcast -  0.000 s
[2019.05.30-23.30.28:116][  0]LogFileCache: Scanning file cache for directory 'C:/Users/u1075522/Documents/GitHub/EAE_3010_Sheng_Hao/MyProject/Content/' took 0.01s
[2019.05.30-23.30.28:116][  0]SourceControl: Source control is disabled
[2019.05.30-23.30.28:117][  0]Cmd: MAP LOAD FILE="../../../../../../Users/u1075522/Documents/GitHub/EAE_3010_Sheng_Hao/MyProject/Content/StarterContent/Maps/Minimal_Default.umap" TEMPLATE=0 SHOWPROGRESS=1 FEATURELEVEL=3
[2019.05.30-23.30.28:118][  0]LightingResults: New page: Lighting Build
[2019.05.30-23.30.28:123][  0]MapCheck: New page: Map Check
[2019.05.30-23.30.28:123][  0]LightingResults: New page: Lighting Build
[2019.05.30-23.30.28:138][  0]LogLinker: Warning: Asset '../../../../../../Users/u1075522/Documents/GitHub/EAE_3010_Sheng_Hao/MyProject/Content/StarterContent/Maps/Minimal_Default.umap' has been saved with engine version newer than current and therefore can't be loaded. CurrEngineVersion: 4.19.2-4033788+++UE4+Release-4.19 AssetEngineVersion: 4.20.0-3974301+++UE4+Dev-Documentation
[2019.05.30-23.30.28:172][  0]LogSlate: Took 0.002412 seconds to synchronously load lazily loaded font '../../../Engine/Content/Slate/Fonts/Roboto-Regular.ttf' (155K)
[2019.05.30-23.30.28:203][  0]LogWindowsTextInputMethodSystem: Display: IME system now deactivated.
[2019.05.30-23.30.36:756][  0]LogSlate: Window 'Message' being destroyed
[2019.05.30-23.30.36:756][  0]LogWindowsTextInputMethodSystem: Display: IME system now deactivated.
[2019.05.30-23.30.36:762][  0]LightingResults: New page: Lighting Build
[2019.05.30-23.30.36:763][  0]LogAIModule: Creating AISystem for world Untitled
[2019.05.30-23.30.36:766][  0]LoadErrors: New page: New Map
[2019.05.30-23.30.36:842][  0]LogWindowsTextInputMethodSystem: Display: IME system now deactivated.
[2019.05.30-23.30.36:914][  0]LogCollectionManager: Loaded 0 collections in 0.002615 seconds
[2019.05.30-23.30.36:963][  0]LogFileCache: Scanning file cache for directory 'C:/Users/u1075522/Documents/GitHub/EAE_3010_Sheng_Hao/MyProject/Saved/Collections/' took 0.01s
[2019.05.30-23.30.36:963][  0]LogFileCache: Scanning file cache for directory 'C:/Users/u1075522/Documents/GitHub/EAE_3010_Sheng_Hao/MyProject/Content/Developers/u1075522/Collections/' took 0.01s
[2019.05.30-23.30.36:963][  0]LogFileCache: Scanning file cache for directory 'C:/Users/u1075522/Documents/GitHub/EAE_3010_Sheng_Hao/MyProject/Content/Collections/' took 0.01s
[2019.05.30-23.30.36:963][  0]LogCollectionManager: Rebuilt the GUID cache for 0 collections in 0.000000 seconds
[2019.05.30-23.30.36:971][  0]LogContentBrowser: Native class hierarchy populated in 0.0076 seconds. Added 2452 classes and 558 folders.
[2019.05.30-23.30.36:981][  0]LogContentBrowser: Native class hierarchy updated for 'WidgetCarousel' in 0.0002 seconds. Added 0 classes and 0 folders.
[2019.05.30-23.30.37:130][  0]LogContentBrowser: Native class hierarchy updated for 'AddContentDialog' in 0.0002 seconds. Added 0 classes and 0 folders.
[2019.05.30-23.30.37:137][  0]LogContentBrowser: Native class hierarchy updated for 'SceneOutliner' in 0.0002 seconds. Added 1 classes and 2 folders.
[2019.05.30-23.30.37:169][  0]LogSlate: FSceneViewport::OnFocusLost() reason 2
[2019.05.30-23.30.37:194][  0]LogSlate: Window 'Tutorials' being destroyed
[2019.05.30-23.30.37:227][  0]LogContentBrowser: Native class hierarchy updated for 'HierarchicalLODOutliner' in 0.0002 seconds. Added 0 classes and 0 folders.
[2019.05.30-23.30.37:227][  0]LogLoad: (Engine Initialization) Total time: 26.09 seconds
[2019.05.30-23.30.37:227][  0]LogLoad: (Engine Initialization) Total Blueprint compile time: 0.00 seconds
[2019.05.30-23.30.37:252][  0]LogAssetRegistry: Asset discovery search completed in 17.8880 seconds
[2019.05.30-23.30.37:253][  0]LogCollectionManager: Rebuilt the object cache for 0 collections in 0.000000 seconds (found 0 objects)
[2019.05.30-23.30.37:253][  0]LogCollectionManager: Fixed up redirectors for 0 collections in 0.000042 seconds (updated 0 objects)
[2019.05.30-23.30.37:256][  0]LogContentStreaming: Texture pool size now 1000 MB
[2019.05.30-23.30.37:266][  0]LogSlate: Took 0.002462 seconds to synchronously load lazily loaded font '../../../Engine/Content/Slate/Fonts/Roboto-Bold.ttf' (160K)
[2019.05.30-23.30.37:273][  0]LogSlate: Took 0.002567 seconds to synchronously load lazily loaded font '../../../Engine/Content/Editor/Slate/Fonts/FontAwesome.ttf' (139K)
[2019.05.30-23.30.37:376][  0]LogSlate: Took 0.003452 seconds to synchronously load lazily loaded font '../../../Engine/Content/Slate/Fonts/Roboto-Light.ttf' (167K)
[2019.05.30-23.30.37:412][  1]LogRenderer: Reallocating scene render targets to support 804x360 Format 10 NumSamples 1 (Frame:1).
[2019.05.30-23.30.38:690][142]LogSlate: FSceneViewport::OnFocusLost() reason 0
[2019.05.30-23.30.38:813][151]LogSlate: Window 'MyProject - Unreal Editor' being destroyed
[2019.05.30-23.30.38:813][151]LogWindowsTextInputMethodSystem: Display: IME system now deactivated.
[2019.05.30-23.30.38:959][152]Cmd: QUIT_EDITOR
[2019.05.30-23.30.38:988][152]LogSlate: Slate User Destroyed.  User Index 0, Is Virtual User: 0
[2019.05.30-23.30.38:988][152]LogExit: Preparing to exit.
[2019.05.30-23.30.39:450][152]LogDirectoryWatcher: A directory notification for 'C:/Users/u1075522/Documents/GitHub/EAE_3010_Sheng_Hao/MyProject/Content/' was aborted.
[2019.05.30-23.30.39:473][152]LogExit: Editor shut down
[2019.05.30-23.30.39:476][152]LogExit: Transaction tracking system shut down
[2019.05.30-23.30.39:572][152]LogDirectoryWatcher: A directory notification for '../../../Engine/Content/' was aborted.
[2019.05.30-23.30.39:572][152]LogDirectoryWatcher: A directory notification for '../../../../../../Users/u1075522/Documents/GitHub/EAE_3010_Sheng_Hao/MyProject/Content/' was aborted.
[2019.05.30-23.30.39:573][152]LogDirectoryWatcher: A directory notification for '../../Plugins/2D/Paper2D/Content/' was aborted.
[2019.05.30-23.30.39:573][152]LogDirectoryWatcher: A directory notification for '../../Plugins/Enterprise/DatasmithContent/Content/' was aborted.
[2019.05.30-23.30.39:573][152]LogDirectoryWatcher: A directory notification for '../../Plugins/Media/MediaCompositing/Content/' was aborted.
[2019.05.30-23.30.39:573][152]LogDirectoryWatcher: A directory notification for '../../Plugins/Runtime/AppleARKit/Content/' was aborted.
[2019.05.30-23.30.39:573][152]LogDirectoryWatcher: A directory notification for '../../Plugins/Runtime/Oculus/OculusVR/Content/' was aborted.
[2019.05.30-23.30.39:573][152]LogDirectoryWatcher: A directory notification for '../../Plugins/Runtime/Steam/SteamVR/Content/' was aborted.
[2019.05.30-23.30.39:620][152]LogExit: Object subsystem successfully closed.
[2019.05.30-23.30.39:732][152]LogShaderCompilers: Display: Shaders left to compile 0
[2019.05.30-23.30.39:735][152]LogD3D11RHI: Shutdown
[2019.05.30-23.30.39:735][152]LogD3D11RHI: CleanupD3DDevice
[2019.05.30-23.30.39:740][152]LogD3D11RHI: ~FD3D11DynamicRHI
[2019.05.30-23.30.39:770][152]LogModuleManager: Shutting down and abandoning module HierarchicalLODOutliner (574)
[2019.05.30-23.30.39:770][152]LogModuleManager: Shutting down and abandoning module SceneOutliner (572)
[2019.05.30-23.30.39:770][152]LogModuleManager: Shutting down and abandoning module AddContentDialog (570)
[2019.05.30-23.30.39:770][152]LogDirectoryWatcher: A directory notification for 'C:/Programs/Epic Games/UE_4.19/FeaturePacks/' was aborted.
[2019.05.30-23.30.39:771][152]LogModuleManager: Shutting down and abandoning module WidgetCarousel (569)
[2019.05.30-23.30.39:771][152]LogModuleManager: Shutting down and abandoning module EditorWidgets (566)
[2019.05.30-23.30.39:771][152]LogModuleManager: Shutting down and abandoning module CollectionManager (564)
[2019.05.30-23.30.39:771][152]LogDirectoryWatcher: A directory notification for 'C:/Users/u1075522/Documents/GitHub/EAE_3010_Sheng_Hao/MyProject/Content/Collections/' was aborted.
[2019.05.30-23.30.39:771][152]LogDirectoryWatcher: A directory notification for 'C:/Users/u1075522/Documents/GitHub/EAE_3010_Sheng_Hao/MyProject/Content/Developers/u1075522/Collections/' was aborted.
[2019.05.30-23.30.39:771][152]LogDirectoryWatcher: A directory notification for 'C:/Users/u1075522/Documents/GitHub/EAE_3010_Sheng_Hao/MyProject/Saved/Collections/' was aborted.
[2019.05.30-23.30.39:771][152]LogModuleManager: Shutting down and abandoning module StatsViewer (562)
[2019.05.30-23.30.39:771][152]LogModuleManager: Shutting down and abandoning module FoliageEdit (560)
[2019.05.30-23.30.39:771][152]LogModuleManager: Shutting down and abandoning module LandscapeEditor (558)
[2019.05.30-23.30.39:772][152]LogModuleManager: Shutting down and abandoning module MeshPaintMode (556)
[2019.05.30-23.30.39:772][152]LogModuleManager: Shutting down and abandoning module SceneDepthPickerMode (554)
[2019.05.30-23.30.39:772][152]LogModuleManager: Shutting down and abandoning module ActorPickerMode (552)
[2019.05.30-23.30.39:772][152]LogModuleManager: Shutting down and abandoning module GeometryMode (550)
[2019.05.30-23.30.39:772][152]LogModuleManager: Shutting down and abandoning module TextureAlignMode (548)
[2019.05.30-23.30.39:772][152]LogModuleManager: Shutting down and abandoning module BspMode (546)
[2019.05.30-23.30.39:772][152]LogModuleManager: Shutting down and abandoning module PIEPreviewDeviceProfileSelector (544)
[2019.05.30-23.30.39:772][152]LogModuleManager: Shutting down and abandoning module HardwareSurvey (542)
[2019.05.30-23.30.39:772][152]LogModuleManager: Shutting down and abandoning module SequenceRecorderSections (540)
[2019.05.30-23.30.39:772][152]LogModuleManager: Shutting down and abandoning module AutomationWorker (538)
[2019.05.30-23.30.39:772][152]LogModuleManager: Shutting down and abandoning module AudioCaptureEditor (536)
[2019.05.30-23.30.39:772][152]LogModuleManager: Shutting down and abandoning module SequenceRecorder (535)
[2019.05.30-23.30.39:772][152]LogModuleManager: Shutting down and abandoning module MatineeToLevelSequence (532)
[2019.05.30-23.30.39:772][152]LogModuleManager: Shutting down and abandoning module LevelSequenceEditor (530)
[2019.05.30-23.30.39:772][152]LogModuleManager: Shutting down and abandoning module PlacementMode (529)
[2019.05.30-23.30.39:773][152]LogModuleManager: Shutting down and abandoning module MaterialEditor (528)
[2019.05.30-23.30.39:773][152]LogModuleManager: Shutting down and abandoning module WmfMediaFactory (524)
[2019.05.30-23.30.39:773][152]LogModuleManager: Shutting down and abandoning module WmfMediaEditor (522)
[2019.05.30-23.30.39:773][152]LogModuleManager: Shutting down and abandoning module MediaPlayerEditor (520)
[2019.05.30-23.30.39:773][152]LogModuleManager: Shutting down and abandoning module OpenExrWrapper (518)
[2019.05.30-23.30.39:773][152]LogModuleManager: Shutting down and abandoning module ImgMediaFactory (516)
[2019.05.30-23.30.39:773][152]LogModuleManager: Shutting down and abandoning module ImgMediaEditor (514)
[2019.05.30-23.30.39:773][152]LogModuleManager: Shutting down and abandoning module AvfMediaFactory (512)
[2019.05.30-23.30.39:773][152]LogModuleManager: Shutting down and abandoning module AvfMediaEditor (510)
[2019.05.30-23.30.39:773][152]LogModuleManager: Shutting down and abandoning module AndroidMediaFactory (508)
[2019.05.30-23.30.39:773][152]LogModuleManager: Shutting down and abandoning module AndroidMediaEditor (506)
[2019.05.30-23.30.39:773][152]LogModuleManager: Shutting down and abandoning module CharacterAI (504)
[2019.05.30-23.30.39:773][152]LogModuleManager: Shutting down and abandoning module SmartSnapping (502)
[2019.05.30-23.30.39:773][152]LogModuleManager: Shutting down and abandoning module SessionServices (500)
[2019.05.30-23.30.39:773][152]LogModuleManager: Shutting down and abandoning module ViewportSnapping (498)
[2019.05.30-23.30.39:773][152]LogModuleManager: Shutting down and abandoning module ViewportInteraction (496)
[2019.05.30-23.30.39:773][152]LogModuleManager: Shutting down and abandoning module ClothPainter (494)
[2019.05.30-23.30.39:773][152]LogModuleManager: Shutting down and abandoning module SkeletalMeshEditor (493)
[2019.05.30-23.30.39:774][152]LogModuleManager: Shutting down and abandoning module LogVisualizer (490)
[2019.05.30-23.30.39:774][152]LogModuleManager: Shutting down and abandoning module IntroTutorials (488)
[2019.05.30-23.30.39:774][152]LogModuleManager: Shutting down and abandoning module GameProjectGeneration (487)
[2019.05.30-23.30.39:774][152]LogModuleManager: Shutting down and abandoning module IOSPlatformEditor (484)
[2019.05.30-23.30.39:774][152]LogModuleManager: Shutting down and abandoning module HTML5PlatformEditor (482)
[2019.05.30-23.30.39:774][152]LogModuleManager: Shutting down and abandoning module AndroidPlatformEditor (480)
[2019.05.30-23.30.39:774][152]LogModuleManager: Shutting down and abandoning module AndroidDeviceDetection (479)
[2019.05.30-23.30.40:133][152]LogModuleManager: Shutting down and abandoning module WindowsPlatformEditor (476)
[2019.05.30-23.30.40:133][152]LogModuleManager: Shutting down and abandoning module IOSRuntimeSettings (474)
[2019.05.30-23.30.40:133][152]LogModuleManager: Shutting down and abandoning module AndroidRuntimeSettings (472)
[2019.05.30-23.30.40:133][152]LogModuleManager: Shutting down and abandoning module InputBindingEditor (470)
[2019.05.30-23.30.40:133][152]LogModuleManager: Shutting down and abandoning module MergeActors (468)
[2019.05.30-23.30.40:133][152]LogModuleManager: Shutting down and abandoning module LocalizationDashboard (466)
[2019.05.30-23.30.40:133][152]LogModuleManager: Shutting down and abandoning module LocalizationService (465)
[2019.05.30-23.30.40:134][152]LogModuleManager: Shutting down and abandoning module HardwareTargeting (462)
[2019.05.30-23.30.40:134][152]LogModuleManager: Shutting down and abandoning module DeviceProfileEditor (460)
[2019.05.30-23.30.40:134][152]LogModuleManager: Shutting down and abandoning module UndoHistory (458)
[2019.05.30-23.30.40:134][152]LogModuleManager: Shutting down and abandoning module XmlParser (456)
[2019.05.30-23.30.40:134][152]LogModuleManager: Shutting down and abandoning module Blutility (454)
[2019.05.30-23.30.40:134][152]LogModuleManager: Shutting down and abandoning module ProjectSettingsViewer (452)
[2019.05.30-23.30.40:134][152]LogModuleManager: Shutting down and abandoning module ProjectTargetPlatformEditor (451)
[2019.05.30-23.30.40:134][152]LogModuleManager: Shutting down and abandoning module EditorSettingsViewer (448)
[2019.05.30-23.30.40:134][152]LogModuleManager: Shutting down and abandoning module SettingsEditor (446)
[2019.05.30-23.30.40:134][152]LogModuleManager: Shutting down and abandoning module ProjectLauncher (444)
[2019.05.30-23.30.40:134][152]LogModuleManager: Shutting down and abandoning module SessionFrontend (442)
[2019.05.30-23.30.40:134][152]LogModuleManager: Shutting down and abandoning module ProfilerClient (440)
[2019.05.30-23.30.40:134][152]LogModuleManager: Shutting down and abandoning module DeviceManager (438)
[2019.05.30-23.30.40:134][152]LogModuleManager: Shutting down and abandoning module TargetDeviceServices (437)
[2019.05.30-23.30.40:201][152]LogModuleManager: Shutting down and abandoning module AutomationController (434)
[2019.05.30-23.30.40:201][152]LogModuleManager: Shutting down and abandoning module AutomationWindow (432)
[2019.05.30-23.30.40:201][152]LogModuleManager: Shutting down and abandoning module Layers (430)
[2019.05.30-23.30.40:202][152]LogModuleManager: Shutting down and abandoning module ComponentVisualizers (428)
[2019.05.30-23.30.40:202][152]LogModuleManager: Shutting down and abandoning module DetailCustomizations (426)
[2019.05.30-23.30.40:202][152]LogModuleManager: Shutting down and abandoning module PackagesDialog (424)
[2019.05.30-23.30.40:202][152]LogModuleManager: Shutting down and abandoning module Persona (422)
[2019.05.30-23.30.40:202][152]LogModuleManager: Shutting down and abandoning module AdvancedPreviewScene (421)
[2019.05.30-23.30.40:202][152]LogModuleManager: Shutting down and abandoning module AnimGraph (419)
[2019.05.30-23.30.40:202][152]LogModuleManager: Shutting down and abandoning module Kismet (416)
[2019.05.30-23.30.40:202][152]LogModuleManager: Shutting down and abandoning module GraphEditor (414)
[2019.05.30-23.30.40:203][152]LogModuleManager: Shutting down and abandoning module ClassViewer (412)
[2019.05.30-23.30.40:203][152]LogModuleManager: Shutting down and abandoning module Toolbox (410)
[2019.05.30-23.30.40:203][152]LogModuleManager: Shutting down and abandoning module ModuleUI (408)
[2019.05.30-23.30.40:204][152]LogModuleManager: Shutting down and abandoning module MovieSceneTools (406)
[2019.05.30-23.30.40:204][152]LogModuleManager: Shutting down and abandoning module OutputLog (404)
[2019.05.30-23.30.40:204][152]LogModuleManager: Shutting down and abandoning module GammaUI (402)
[2019.05.30-23.30.40:204][152]LogModuleManager: Shutting down and abandoning module Documentation (400)
[2019.05.30-23.30.40:204][152]LogModuleManager: Shutting down and abandoning module MovieSceneTracks (398)
[2019.05.30-23.30.40:204][152]LogModuleManager: Shutting down and abandoning module MovieScene (396)
[2019.05.30-23.30.40:204][152]LogModuleManager: Shutting down and abandoning module StreamingPauseRendering (394)
[2019.05.30-23.30.40:204][152]LogModuleManager: Shutting down and abandoning module LauncherPlatform (392)
[2019.05.30-23.30.40:204][152]LogModuleManager: Shutting down and abandoning module AnalyticsET (390)
[2019.05.30-23.30.40:204][152]LogModuleManager: Shutting down and abandoning module PortalServices (388)
[2019.05.30-23.30.40:204][152]LogModuleManager: Shutting down and abandoning module PortalRpc (386)
[2019.05.30-23.30.40:204][152]LogModuleManager: Shutting down and abandoning module MessagingRpc (384)
[2019.05.30-23.30.40:204][152]LogModuleManager: Shutting down and abandoning module AIModule (382)
[2019.05.30-23.30.40:204][152]LogModuleManager: Shutting down and abandoning module GameplayDebugger (381)
[2019.05.30-23.30.40:204][152]LogModuleManager: Shutting down and abandoning module AITestSuite (379)
[2019.05.30-23.30.40:204][152]LogModuleManager: Shutting down and abandoning module DesktopPlatform (376)
[2019.05.30-23.30.40:204][152]LogModuleManager: Shutting down and abandoning module ProfilerService (374)
[2019.05.30-23.30.40:319][152]LogModuleManager: Shutting down and abandoning module TaskGraph (372)
[2019.05.30-23.30.40:319][152]LogModuleManager: Shutting down and abandoning module SteamVRController (370)
[2019.05.30-23.30.40:319][152]LogModuleManager: Shutting down and abandoning module ProceduralMeshComponentEditor (368)
[2019.05.30-23.30.40:319][152]LogModuleManager: Shutting down and abandoning module ProceduralMeshComponent (366)
[2019.05.30-23.30.40:319][152]LogModuleManager: Shutting down and abandoning module OculusInput (364)
[2019.05.30-23.30.40:319][152]LogModuleManager: Shutting down and abandoning module MobilePatchingUtils (362)
[2019.05.30-23.30.40:319][152]LogModuleManager: Shutting down and abandoning module CustomMeshComponent (360)
[2019.05.30-23.30.40:319][152]LogModuleManager: Shutting down and abandoning module CableComponent (358)
[2019.05.30-23.30.40:319][152]LogModuleManager: Shutting down and abandoning module AudioCapture (356)
[2019.05.30-23.30.40:320][152]LogModuleManager: Shutting down and abandoning module ArchVisCharacter (354)
[2019.05.30-23.30.40:320][152]LogModuleManager: Shutting down and abandoning module AndroidPermission (352)
[2019.05.30-23.30.40:320][152]LogModuleManager: Shutting down and abandoning module NUTUnrealEngine4 (348)
[2019.05.30-23.30.40:320][152]LogModuleManager: Shutting down and abandoning module NetcodeUnitTest (346)
[2019.05.30-23.30.40:320][152]LogModuleManager: Shutting down and abandoning module MediaCompositingEditor (344)
[2019.05.30-23.30.40:320][152]LogModuleManager: Shutting down and abandoning module MediaCompositing (342)
[2019.05.30-23.30.40:320][152]LogModuleManager: Shutting down and abandoning module LinearTimecode (340)
[2019.05.30-23.30.40:320][152]LogModuleManager: Shutting down and abandoning module ImgMedia (338)
[2019.05.30-23.30.40:322][152]LogModuleManager: Shutting down and abandoning module HTML5Networking (336)
[2019.05.30-23.30.40:322][152]LogModuleManager: Shutting down and abandoning module AlembicImporter (334)
[2019.05.30-23.30.40:322][152]LogModuleManager: Shutting down and abandoning module AlembicLibrary (333)
[2019.05.30-23.30.40:322][152]LogModuleManager: Shutting down and abandoning module GeometryCache (332)
[2019.05.30-23.30.40:323][152]LogModuleManager: Shutting down and abandoning module GeometryCacheEd (331)
[2019.05.30-23.30.40:323][152]LogModuleManager: Shutting down and abandoning module DatasmithContent (326)
[2019.05.30-23.30.40:323][152]LogModuleManager: Shutting down and abandoning module SpeedTreeImporter (324)
[2019.05.30-23.30.40:323][152]LogModuleManager: Shutting down and abandoning module PluginBrowser (322)
[2019.05.30-23.30.40:323][152]LogModuleManager: Shutting down and abandoning module MobileLauncherProfileWizard (320)
[2019.05.30-23.30.40:323][152]LogModuleManager: Shutting down and abandoning module CryptoKeysOpenSSL (318)
[2019.05.30-23.30.40:323][152]LogModuleManager: Shutting down and abandoning module CryptoKeys (316)
[2019.05.30-23.30.40:323][152]LogModuleManager: Shutting down and abandoning module VisualStudioSourceCodeAccess (314)
[2019.05.30-23.30.40:323][152]LogModuleManager: Shutting down and abandoning module VisualStudioCodeSourceCodeAccess (312)
[2019.05.30-23.30.40:323][152]LogModuleManager: Shutting down and abandoning module UObjectPlugin (310)
[2019.05.30-23.30.40:323][152]LogModuleManager: Shutting down and abandoning module SubversionSourceControl (308)
[2019.05.30-23.30.40:323][152]LogModuleManager: Shutting down and abandoning module PerforceSourceControl (306)
[2019.05.30-23.30.40:324][152]LogModuleManager: Shutting down and abandoning module GitSourceControl (304)
[2019.05.30-23.30.40:324][152]LogModuleManager: Shutting down and abandoning module SourceControl (303)
[2019.05.30-23.30.40:324][152]LogModuleManager: Shutting down and abandoning module CLionSourceCodeAccess (300)
[2019.05.30-23.30.40:324][152]LogModuleManager: Shutting down and abandoning module LightPropagationVolumeEditor (298)
[2019.05.30-23.30.40:324][152]LogModuleManager: Shutting down and abandoning module PaperTiledImporter (296)
[2019.05.30-23.30.40:324][152]LogModuleManager: Shutting down and abandoning module PaperSpriteSheetImporter (294)
[2019.05.30-23.30.40:324][152]LogModuleManager: Shutting down and abandoning module Paper2DEditor (292)
[2019.05.30-23.30.40:324][152]LogModuleManager: Shutting down and abandoning module MeshPaint (291)
[2019.05.30-23.30.40:325][152]LogModuleManager: Shutting down and abandoning module RuntimePhysXCooking (288)
[2019.05.30-23.30.40:325][152]LogModuleManager: Shutting down and abandoning module PhysXVehiclesEditor (286)
[2019.05.30-23.30.40:325][152]LogModuleManager: Shutting down and abandoning module PhysXVehicles (284)
[2019.05.30-23.30.40:325][152]LogModuleManager: Shutting down and abandoning module OculusEditor (282)
[2019.05.30-23.30.40:325][152]LogModuleManager: Shutting down and abandoning module LocationServicesBPLibrary (280)
[2019.05.30-23.30.40:325][152]LogModuleManager: Shutting down and abandoning module ImmediatePhysicsEditor (278)
[2019.05.30-23.30.40:325][152]LogModuleManager: Shutting down and abandoning module ImmediatePhysics (276)
[2019.05.30-23.30.40:325][152]LogModuleManager: Shutting down and abandoning module ActorSequence (274)
[2019.05.30-23.30.40:325][152]LogModuleManager: Shutting down and abandoning module UdpMessaging (272)
[2019.05.30-23.30.40:426][152]LogModuleManager: Shutting down and abandoning module TcpMessaging (270)
[2019.05.30-23.30.40:527][152]LogModuleManager: Shutting down and abandoning module GameplayTagsEditor (268)
[2019.05.30-23.30.40:527][152]LogModuleManager: Shutting down and abandoning module FacialAnimationEditor (266)
[2019.05.30-23.30.40:527][152]LogModuleManager: Shutting down and abandoning module FacialAnimation (264)
[2019.05.30-23.30.40:527][152]LogModuleManager: Shutting down and abandoning module DataValidation (262)
[2019.05.30-23.30.40:527][152]LogModuleManager: Shutting down and abandoning module AssetManagerEditor (260)
[2019.05.30-23.30.40:527][152]LogModuleManager: Shutting down and abandoning module LevelEditor (259)
[2019.05.30-23.30.40:528][152]LogModuleManager: Shutting down and abandoning module PixelInspectorModule (258)
[2019.05.30-23.30.40:528][152]LogModuleManager: Shutting down and abandoning module CommonMenuExtensions (256)
[2019.05.30-23.30.40:528][152]LogModuleManager: Shutting down and abandoning module MainFrame (254)
[2019.05.30-23.30.40:528][152]LogModuleManager: Shutting down and abandoning module HotReload (253)
[2019.05.30-23.30.40:528][152]LogModuleManager: Shutting down and abandoning module ContentBrowser (249)
[2019.05.30-23.30.40:529][152]LogModuleManager: Shutting down and abandoning module TreeMap (247)
[2019.05.30-23.30.40:529][152]LogModuleManager: Shutting down and abandoning module LightPropagationVolumeRuntime (244)
[2019.05.30-23.30.40:529][152]LogModuleManager: Shutting down and abandoning module LiveLinkEditor (242)
[2019.05.30-23.30.40:529][152]LogModuleManager: Shutting down and abandoning module LiveLink (240)
[2019.05.30-23.30.40:877][152]LogModuleManager: Shutting down and abandoning module Paper2D (238)
[2019.05.30-23.30.40:877][152]LogModuleManager: Shutting down and abandoning module WindowsMoviePlayer (236)
[2019.05.30-23.30.40:877][152]LogModuleManager: Shutting down and abandoning module WmfMedia (234)
[2019.05.30-23.30.40:878][152]LogModuleManager: Shutting down and abandoning module Media (233)
[2019.05.30-23.30.40:884][152]LogModuleManager: Shutting down and abandoning module PacketHandler (230)
[2019.05.30-23.30.40:884][152]LogModuleManager: Shutting down and abandoning module ClothingSystemEditor (228)
[2019.05.30-23.30.40:884][152]LogModuleManager: Shutting down and abandoning module ClothingSystemRuntime (226)
[2019.05.30-23.30.40:887][152]LogModuleManager: Shutting down and abandoning module MediaAssets (224)
[2019.05.30-23.30.40:887][152]LogModuleManager: Shutting down and abandoning module Overlay (222)
[2019.05.30-23.30.40:887][152]LogModuleManager: Shutting down and abandoning module OverlayEditor (221)
[2019.05.30-23.30.40:887][152]LogModuleManager: Shutting down and abandoning module VREditor (218)
[2019.05.30-23.30.40:887][152]LogModuleManager: Shutting down and abandoning module StringTableEditor (216)
[2019.05.30-23.30.40:887][152]LogModuleManager: Shutting down and abandoning module GameplayTasksEditor (214)
[2019.05.30-23.30.40:887][152]LogModuleManager: Shutting down and abandoning module BehaviorTreeEditor (212)
[2019.05.30-23.30.40:887][152]LogModuleManager: Shutting down and abandoning module FunctionalTesting (210)
[2019.05.30-23.30.40:887][152]LogModuleManager: Shutting down and abandoning module CollisionAnalyzer (208)
[2019.05.30-23.30.40:888][152]LogModuleManager: Shutting down and abandoning module WorkspaceMenuStructure (207)
[2019.05.30-23.30.40:888][152]LogModuleManager: Shutting down and abandoning module UMG (204)
[2019.05.30-23.30.40:888][152]LogModuleManager: Shutting down and abandoning module UMGEditor (203)
[2019.05.30-23.30.40:888][152]LogModuleManager: Shutting down and abandoning module Sequencer (202)
[2019.05.30-23.30.40:888][152]LogModuleManager: Shutting down and abandoning module MessageLog (199)
[2019.05.30-23.30.40:888][152]LogModuleManager: Shutting down and abandoning module SlateReflector (194)
[2019.05.30-23.30.40:889][152]LogModuleManager: Shutting down and abandoning module Slate (192)
[2019.05.30-23.30.40:889][152]LogModuleManager: Shutting down and abandoning module EditorStyle (190)
[2019.05.30-23.30.40:890][152]LogModuleManager: Shutting down and abandoning module MRMesh (188)
[2019.05.30-23.30.40:890][152]LogModuleManager: Shutting down and abandoning module SourceCodeAccess (186)
[2019.05.30-23.30.40:890][152]LogModuleManager: Shutting down and abandoning module HeadMountedDisplay (184)
[2019.05.30-23.30.40:890][152]LogModuleManager: Shutting down and abandoning module XAudio2 (182)
[2019.05.30-23.30.40:890][152]LogModuleManager: Shutting down and abandoning module Networking (180)
[2019.05.30-23.30.40:890][152]LogModuleManager: Shutting down and abandoning module Core (178)
[2019.05.30-23.30.40:890][152]LogModuleManager: Shutting down and abandoning module LevelSequence (176)
[2019.05.30-23.30.40:890][152]LogModuleManager: Shutting down and abandoning module KismetCompiler (174)
[2019.05.30-23.30.40:890][152]LogModuleManager: Shutting down and abandoning module MeshUtilities (172)
[2019.05.30-23.30.40:890][152]LogModuleManager: Shutting down and abandoning module MeshMergeUtilities (171)
[2019.05.30-23.30.40:890][152]LogModuleManager: Shutting down and abandoning module MeshReductionInterface (170)
[2019.05.30-23.30.40:890][152]LogModuleManager: Shutting down and abandoning module SimplygonSwarm (169)
[2019.05.30-23.30.40:890][152]LogModuleManager: Shutting down and abandoning module SimplygonMeshReduction (167)
[2019.05.30-23.30.40:890][152]LogModuleManager: Shutting down and abandoning module QuadricMeshReduction (165)
[2019.05.30-23.30.40:890][152]LogModuleManager: Shutting down and abandoning module MaterialBaking (161)
[2019.05.30-23.30.40:890][152]LogModuleManager: Shutting down and abandoning module DirectoryWatcher (157)
[2019.05.30-23.30.40:891][152]LogModuleManager: Shutting down and abandoning module DerivedDataCache (154)
[2019.05.30-23.30.41:076][152]LogDerivedDataCache: Shutdown
[2019.05.30-23.30.41:076][152]LogModuleManager: Shutting down and abandoning module XGEController (152)
[2019.05.30-23.30.41:076][152]LogXGEController: Cleaning working directory: C:/Users/u1075522/AppData/Local/Temp/UnrealXGEWorkingDir/
[2019.05.30-23.30.41:077][152]LogModuleManager: Shutting down and abandoning module TargetPlatform (150)
[2019.05.30-23.30.41:077][152]LogModuleManager: Shutting down and abandoning module VulkanShaderFormat (149)
[2019.05.30-23.30.41:077][152]LogModuleManager: Shutting down and abandoning module ShaderFormatVectorVM (147)
[2019.05.30-23.30.41:077][152]LogModuleManager: Shutting down and abandoning module ShaderFormatOpenGL (145)
[2019.05.30-23.30.41:077][152]LogModuleManager: Shutting down and abandoning module ShaderFormatD3D (143)
[2019.05.30-23.30.41:077][152]LogModuleManager: Shutting down and abandoning module MetalShaderFormat (141)
[2019.05.30-23.30.41:077][152]LogModuleManager: Shutting down and abandoning module TextureFormatUncompressed (139)
[2019.05.30-23.30.41:077][152]LogModuleManager: Shutting down and abandoning module TextureFormatPVR (137)
[2019.05.30-23.30.41:078][152]LogModuleManager: Shutting down and abandoning module TextureFormatDXT (135)
[2019.05.30-23.30.41:078][152]LogModuleManager: Shutting down and abandoning module TextureFormatIntelISPCTexComp (133)
[2019.05.30-23.30.41:078][152]LogModuleManager: Shutting down and abandoning module TextureFormatASTC (131)
[2019.05.30-23.30.41:078][152]LogModuleManager: Shutting down and abandoning module ImageWrapper (130)
[2019.05.30-23.30.41:078][152]LogModuleManager: Shutting down and abandoning module TextureFormatAndroid (127)
[2019.05.30-23.30.41:078][152]LogModuleManager: Shutting down and abandoning module AudioFormatOpus (125)
[2019.05.30-23.30.41:078][152]LogModuleManager: Shutting down and abandoning module AudioFormatOgg (123)
[2019.05.30-23.30.41:078][152]LogModuleManager: Shutting down and abandoning module AudioFormatADPCM (121)
[2019.05.30-23.30.41:078][152]LogModuleManager: Shutting down and abandoning module LinuxTargetPlatform (119)
[2019.05.30-23.30.41:078][152]LogModuleManager: Shutting down and abandoning module LinuxServerTargetPlatform (117)
[2019.05.30-23.30.41:078][152]LogModuleManager: Shutting down and abandoning module LinuxNoEditorTargetPlatform (115)
[2019.05.30-23.30.41:078][152]LogModuleManager: Shutting down and abandoning module LinuxClientTargetPlatform (113)
[2019.05.30-23.30.41:078][152]LogModuleManager: Shutting down and abandoning module TVOSTargetPlatform (111)
[2019.05.30-23.30.41:078][152]LogModuleManager: Shutting down and abandoning module Messaging (109)
[2019.05.30-23.30.41:078][152]LogModuleManager: Shutting down and abandoning module IOSTargetPlatform (107)
[2019.05.30-23.30.41:078][152]LogModuleManager: Shutting down and abandoning module HTML5TargetPlatform (105)
[2019.05.30-23.30.41:078][152]LogModuleManager: Shutting down and abandoning module AndroidTargetPlatform (103)
[2019.05.30-23.30.41:078][152]LogModuleManager: Shutting down and abandoning module Android_PVRTCTargetPlatform (101)
[2019.05.30-23.30.41:078][152]LogModuleManager: Shutting down and abandoning module Android_MultiTargetPlatform (99)
[2019.05.30-23.30.41:078][152]LogModuleManager: Shutting down and abandoning module Android_ETC2TargetPlatform (97)
[2019.05.30-23.30.41:078][152]LogModuleManager: Shutting down and abandoning module Android_ETC1TargetPlatform (95)
[2019.05.30-23.30.41:078][152]LogModuleManager: Shutting down and abandoning module Android_ETC1aTargetPlatform (93)
[2019.05.30-23.30.41:078][152]LogModuleManager: Shutting down and abandoning module Android_DXTTargetPlatform (91)
[2019.05.30-23.30.41:078][152]LogModuleManager: Shutting down and abandoning module Android_ATCTargetPlatform (89)
[2019.05.30-23.30.41:078][152]LogModuleManager: Shutting down and abandoning module Android_ASTCTargetPlatform (87)
[2019.05.30-23.30.41:078][152]LogModuleManager: Shutting down and abandoning module WindowsTargetPlatform (85)
[2019.05.30-23.30.41:078][152]LogModuleManager: Shutting down and abandoning module WindowsServerTargetPlatform (83)
[2019.05.30-23.30.41:078][152]LogModuleManager: Shutting down and abandoning module WindowsNoEditorTargetPlatform (81)
[2019.05.30-23.30.41:078][152]LogModuleManager: Shutting down and abandoning module WindowsClientTargetPlatform (79)
[2019.05.30-23.30.41:078][152]LogModuleManager: Shutting down and abandoning module MacTargetPlatform (77)
[2019.05.30-23.30.41:078][152]LogModuleManager: Shutting down and abandoning module MacServerTargetPlatform (75)
[2019.05.30-23.30.41:078][152]LogModuleManager: Shutting down and abandoning module MacNoEditorTargetPlatform (73)
[2019.05.30-23.30.41:078][152]LogModuleManager: Shutting down and abandoning module MacClientTargetPlatform (71)
[2019.05.30-23.30.41:078][152]LogModuleManager: Shutting down and abandoning module AllDesktopTargetPlatform (69)
[2019.05.30-23.30.41:078][152]LogModuleManager: Shutting down and abandoning module InputCore (66)
[2019.05.30-23.30.41:078][152]LogModuleManager: Shutting down and abandoning module Settings (64)
[2019.05.30-23.30.41:078][152]LogModuleManager: Shutting down and abandoning module PhysXCooking (62)
[2019.05.30-23.30.41:078][152]LogModuleManager: Shutting down and abandoning module SteamVR (60)
[2019.05.30-23.30.41:078][152]LogModuleManager: Shutting down and abandoning module OculusHMD (58)
[2019.05.30-23.30.41:079][152]LogModuleManager: Shutting down and abandoning module ExampleDeviceProfileSelector (56)
[2019.05.30-23.30.41:079][152]LogModuleManager: Shutting down and abandoning module AppleARKit (54)
[2019.05.30-23.30.41:079][152]LogModuleManager: Shutting down and abandoning module AugmentedReality (51)
[2019.05.30-23.30.41:079][152]LogModuleManager: Shutting down and abandoning module OnlineBlueprintSupport (48)
[2019.05.30-23.30.41:079][152]LogModuleManager: Shutting down and abandoning module OnlineSubsystem (44)
[2019.05.30-23.30.41:079][152]LogModuleManager: Shutting down and abandoning module XMPP (43)
[2019.05.30-23.30.41:080][152]LogModuleManager: Shutting down and abandoning module HTTP (41)
[2019.05.30-23.30.41:080][152]LogHttp: Display: Http module shutting down, but needs to wait on 1 outstanding Http requests:
[2019.05.30-23.30.41:080][152]LogHttp: Display: 	verb=[POST] url=[https://datarouter.ol.epicgames.com/datarouter/api/v1/public/data?SessionID=%7B79B23F4F-4483-154A-2D62-C5884306AD27%7D&AppID=UEEditor.Rocket.Release&AppVersion=4.19.2-4033788%2B%2B%2BUE4%2BRelease-4.19&UserID=665b343f40113e0966e3c494b8562251%7Ce59dd9739eac44cfaade75293f338941%7C1c6b28b4-5ef4-4d8c-a359-edb5b35af5f3&AppEnvironment=datacollector-binary&UploadType=eteventstream] status=Processing
[2019.05.30-23.30.41:106][152]LogModuleManager: Shutting down and abandoning module SSL (40)
[2019.05.30-23.30.41:107][152]LogModuleManager: Shutting down and abandoning module AnimationModifiers (36)
[2019.05.30-23.30.41:107][152]LogModuleManager: Shutting down and abandoning module PropertyEditor (35)
[2019.05.30-23.30.41:107][152]LogModuleManager: Shutting down and abandoning module AudioEditor (32)
[2019.05.30-23.30.41:108][152]LogModuleManager: Shutting down and abandoning module TextureCompressor (30)
[2019.05.30-23.30.41:108][152]LogModuleManager: Shutting down and abandoning module ShaderCore (28)
[2019.05.30-23.30.41:108][152]LogModuleManager: Shutting down and abandoning module Landscape (26)
[2019.05.30-23.30.41:108][152]LogModuleManager: Shutting down and abandoning module SlateRHIRenderer (24)
[2019.05.30-23.30.41:109][152]LogModuleManager: Shutting down and abandoning module OpenGLDrv (22)
[2019.05.30-23.30.41:109][152]LogModuleManager: Shutting down and abandoning module D3D11RHI (20)
[2019.05.30-23.30.41:109][152]LogModuleManager: Shutting down and abandoning module AnimGraphRuntime (18)
[2019.05.30-23.30.41:109][152]LogModuleManager: Shutting down and abandoning module Renderer (16)
[2019.05.30-23.30.41:109][152]LogModuleManager: Shutting down and abandoning module Engine (14)
[2019.05.30-23.30.41:109][152]LogModuleManager: Shutting down and abandoning module CoreUObject (12)
[2019.05.30-23.30.41:109][152]LogModuleManager: Shutting down and abandoning module NetworkFile (10)
[2019.05.30-23.30.41:109][152]LogModuleManager: Shutting down and abandoning module CookedIterativeFile (8)
[2019.05.30-23.30.41:109][152]LogModuleManager: Shutting down and abandoning module StreamingFile (6)
[2019.05.30-23.30.41:109][152]LogModuleManager: Shutting down and abandoning module SandboxFile (4)
[2019.05.30-23.30.41:109][152]LogModuleManager: Shutting down and abandoning module PakFile (2)
[2019.05.30-23.30.41:115][152]LogExit: Exiting.
[2019.05.30-23.30.41:122][152]Log file closed, 05/30/19 17:30:41
